<?xml version="1.0" encoding="UTF-8"?>
<!-- Generated by org.testng.reporters.JUnitReportReporter -->
<testsuite hostname="DESKTOP-1CCS179" failures="0" tests="1" name="com.qa.testBase.TestBase" time="38.858" errors="0" timestamp="2022-09-20T10:03:59 IST" skipped="0">
  <testcase classname="com.qa.testBase.TestBase" name="setup" time="38.858"/>
  <system-out/>
</testsuite> <!-- com.qa.testBase.TestBase -->
